<?xml version="1.0" encoding="UTF-8"?>
<testng-results skipped="0" failed="0" total="1" passed="1">
  <reporter-output>
  </reporter-output>
  <suite name="Default suite" duration-ms="5034" started-at="2019-08-26T07:42:31Z" finished-at="2019-08-26T07:42:36Z">
    <groups>
    </groups>
    <test name="Default test" duration-ms="5034" started-at="2019-08-26T07:42:31Z" finished-at="2019-08-26T07:42:36Z">
      <class name="com.avitas.core.testcases.TestA">
        <test-method status="PASS" signature="init()[pri:0, instance:com.avitas.core.testcases.TestA@5d47c63f]" name="init" is-config="true" duration-ms="5" started-at="2019-08-26T00:42:32Z" finished-at="2019-08-26T00:42:32Z">
          <reporter-output>
          </reporter-output>
        </test-method> <!-- init -->
        <test-method status="PASS" signature="testB(java.lang.String, java.lang.String)[pri:0, instance:com.avitas.core.testcases.TestA@5d47c63f]" name="testB" duration-ms="4351" started-at="2019-08-26T00:42:32Z" data-provider="Login" finished-at="2019-08-26T00:42:36Z">
          <params>
            <param index="0">
              <value>
                <![CDATA[standard_user]]>
              </value>
            </param>
            <param index="1">
              <value>
                <![CDATA[secret_sauce]]>
              </value>
            </param>
          </params>
          <reporter-output>
          </reporter-output>
        </test-method> <!-- testB -->
        <test-method status="PASS" signature="quit()[pri:0, instance:com.avitas.core.testcases.TestA@5d47c63f]" name="quit" is-config="true" duration-ms="264" started-at="2019-08-26T00:42:36Z" finished-at="2019-08-26T00:42:36Z">
          <reporter-output>
          </reporter-output>
        </test-method> <!-- quit -->
      </class> <!-- com.avitas.core.testcases.TestA -->
    </test> <!-- Default test -->
  </suite> <!-- Default suite -->
</testng-results>
