<?xml version="1.0" encoding="UTF-8"?>
<!-- Generated by org.testng.reporters.JUnitXMLReporter -->
<testsuite hostname="vvinjamuri-pk.local" name="TestB" tests="17" failures="17" timestamp="24 Aug 2019 13:57:43 GMT" time="22.372" errors="0">
  <testcase name="testB" time="1.532" classname="com.avitas.core.testcases.DummyTestB">
    <failure type="java.lang.NullPointerException">
      <![CDATA[java.lang.NullPointerException
	at com.avitas.core.base.BaseTest.navigate(BaseTest.java:73)
	at com.avitas.core.testcases.DummyTestB.testB(DummyTestB.java:37)
... Removed 24 stack frames]]>
    </failure>
  </testcase> <!-- testB -->
  <testcase name="testB" time="1.179" classname="com.avitas.core.testcases.DummyTestB">
    <failure type="java.lang.NullPointerException">
      <![CDATA[java.lang.NullPointerException
	at com.avitas.core.base.BaseTest.navigate(BaseTest.java:73)
	at com.avitas.core.testcases.DummyTestB.testB(DummyTestB.java:37)
... Removed 24 stack frames]]>
    </failure>
  </testcase> <!-- testB -->
  <testcase name="testB" time="1.173" classname="com.avitas.core.testcases.DummyTestB">
    <failure type="java.lang.NullPointerException">
      <![CDATA[java.lang.NullPointerException
	at com.avitas.core.base.BaseTest.navigate(BaseTest.java:73)
	at com.avitas.core.testcases.DummyTestB.testB(DummyTestB.java:37)
... Removed 24 stack frames]]>
    </failure>
  </testcase> <!-- testB -->
  <testcase name="testB" time="1.092" classname="com.avitas.core.testcases.DummyTestB">
    <failure type="java.lang.NullPointerException">
      <![CDATA[java.lang.NullPointerException
	at com.avitas.core.base.BaseTest.navigate(BaseTest.java:73)
	at com.avitas.core.testcases.DummyTestB.testB(DummyTestB.java:37)
... Removed 24 stack frames]]>
    </failure>
  </testcase> <!-- testB -->
  <testcase name="testB" time="1.2" classname="com.avitas.core.testcases.DummyTestB">
    <failure type="java.lang.NullPointerException">
      <![CDATA[java.lang.NullPointerException
	at com.avitas.core.base.BaseTest.navigate(BaseTest.java:73)
	at com.avitas.core.testcases.DummyTestB.testB(DummyTestB.java:37)
... Removed 24 stack frames]]>
    </failure>
  </testcase> <!-- testB -->
  <testcase name="testB" time="1.281" classname="com.avitas.core.testcases.DummyTestB">
    <failure type="java.lang.NullPointerException">
      <![CDATA[java.lang.NullPointerException
	at com.avitas.core.base.BaseTest.navigate(BaseTest.java:73)
	at com.avitas.core.testcases.DummyTestB.testB(DummyTestB.java:37)
... Removed 24 stack frames]]>
    </failure>
  </testcase> <!-- testB -->
  <testcase name="testB" time="1.139" classname="com.avitas.core.testcases.DummyTestB">
    <failure type="java.lang.NullPointerException">
      <![CDATA[java.lang.NullPointerException
	at com.avitas.core.base.BaseTest.navigate(BaseTest.java:73)
	at com.avitas.core.testcases.DummyTestB.testB(DummyTestB.java:37)
... Removed 24 stack frames]]>
    </failure>
  </testcase> <!-- testB -->
  <testcase name="testB" time="1.147" classname="com.avitas.core.testcases.DummyTestB">
    <failure type="java.lang.NullPointerException">
      <![CDATA[java.lang.NullPointerException
	at com.avitas.core.base.BaseTest.navigate(BaseTest.java:73)
	at com.avitas.core.testcases.DummyTestB.testB(DummyTestB.java:37)
... Removed 24 stack frames]]>
    </failure>
  </testcase> <!-- testB -->
  <testcase name="testB" time="1.245" classname="com.avitas.core.testcases.DummyTestB">
    <failure type="java.lang.NullPointerException">
      <![CDATA[java.lang.NullPointerException
	at com.avitas.core.base.BaseTest.navigate(BaseTest.java:73)
	at com.avitas.core.testcases.DummyTestB.testB(DummyTestB.java:37)
... Removed 24 stack frames]]>
    </failure>
  </testcase> <!-- testB -->
  <testcase name="testB" time="1.135" classname="com.avitas.core.testcases.DummyTestB">
    <failure type="java.lang.NullPointerException">
      <![CDATA[java.lang.NullPointerException
	at com.avitas.core.base.BaseTest.navigate(BaseTest.java:73)
	at com.avitas.core.testcases.DummyTestB.testB(DummyTestB.java:37)
... Removed 24 stack frames]]>
    </failure>
  </testcase> <!-- testB -->
  <testcase name="testB" time="1.13" classname="com.avitas.core.testcases.DummyTestB">
    <failure type="java.lang.NullPointerException">
      <![CDATA[java.lang.NullPointerException
	at com.avitas.core.base.BaseTest.navigate(BaseTest.java:73)
	at com.avitas.core.testcases.DummyTestB.testB(DummyTestB.java:37)
... Removed 24 stack frames]]>
    </failure>
  </testcase> <!-- testB -->
  <testcase name="testB" time="1.156" classname="com.avitas.core.testcases.DummyTestB">
    <failure type="java.lang.NullPointerException">
      <![CDATA[java.lang.NullPointerException
	at com.avitas.core.base.BaseTest.navigate(BaseTest.java:73)
	at com.avitas.core.testcases.DummyTestB.testB(DummyTestB.java:37)
... Removed 24 stack frames]]>
    </failure>
  </testcase> <!-- testB -->
  <testcase name="testB" time="1.221" classname="com.avitas.core.testcases.DummyTestB">
    <failure type="java.lang.NullPointerException">
      <![CDATA[java.lang.NullPointerException
	at com.avitas.core.base.BaseTest.navigate(BaseTest.java:73)
	at com.avitas.core.testcases.DummyTestB.testB(DummyTestB.java:37)
... Removed 24 stack frames]]>
    </failure>
  </testcase> <!-- testB -->
  <testcase name="testB" time="1.425" classname="com.avitas.core.testcases.DummyTestB">
    <failure type="java.lang.NullPointerException">
      <![CDATA[java.lang.NullPointerException
	at com.avitas.core.base.BaseTest.navigate(BaseTest.java:73)
	at com.avitas.core.testcases.DummyTestB.testB(DummyTestB.java:37)
... Removed 24 stack frames]]>
    </failure>
  </testcase> <!-- testB -->
  <testcase name="testB" time="1.816" classname="com.avitas.core.testcases.DummyTestB">
    <failure type="java.lang.NullPointerException">
      <![CDATA[java.lang.NullPointerException
	at com.avitas.core.base.BaseTest.navigate(BaseTest.java:73)
	at com.avitas.core.testcases.DummyTestB.testB(DummyTestB.java:37)
... Removed 24 stack frames]]>
    </failure>
  </testcase> <!-- testB -->
  <testcase name="testB" time="1.699" classname="com.avitas.core.testcases.DummyTestB">
    <failure type="java.lang.NullPointerException">
      <![CDATA[java.lang.NullPointerException
	at com.avitas.core.base.BaseTest.navigate(BaseTest.java:73)
	at com.avitas.core.testcases.DummyTestB.testB(DummyTestB.java:37)
... Removed 24 stack frames]]>
    </failure>
  </testcase> <!-- testB -->
  <testcase name="testB" time="1.338" classname="com.avitas.core.testcases.DummyTestB">
    <failure type="java.lang.NullPointerException">
      <![CDATA[java.lang.NullPointerException
	at com.avitas.core.base.BaseTest.navigate(BaseTest.java:73)
	at com.avitas.core.testcases.DummyTestB.testB(DummyTestB.java:37)
... Removed 23 stack frames]]>
    </failure>
  </testcase> <!-- testB -->
</testsuite> <!-- TestB -->
